

Started GET "/oauth/login" for 127.0.0.1 at 2012-05-20 23:22:11 +0400
Processing by OauthController#login as HTML
Completed 500 Internal Server Error in 10937ms

OAuth::Unauthorized (404 Not Found):
  app/controllers/oauth_controller.rb:27:in `login'


  Rendered /Users/dmitrijdackov/.rvm/gems/ruby-1.9.3-p194/gems/actionpack-3.2.3/lib/action_dispatch/middleware/templates/rescues/_trace.erb (5.7ms)


Started GET "/oauth/login" for 127.0.0.1 at 2012-05-20 23:37:34 +0400
Processing by OauthController#login as HTML


Started GET "/oauth/login" for 127.0.0.1 at 2012-05-20 23:45:21 +0400
Processing by OauthController#login as HTML


Started GET "/oauth/login" for 127.0.0.1 at 2012-05-20 23:50:09 +0400
Processing by OauthController#login as HTML


Started GET "/oauth/login" for 127.0.0.1 at 2012-05-21 00:08:23 +0400
Processing by OauthController#login as HTML


Started GET "/oauth/login" for 127.0.0.1 at 2012-05-21 00:09:40 +0400
Processing by OauthController#login as HTML


Started GET "/oauth/login" for 127.0.0.1 at 2012-05-21 01:19:48 +0400
Processing by OauthController#login as HTML
Completed 500 Internal Server Error in 520658ms

OAuth::Unauthorized (404 Not Found):
  app/controllers/oauth_controller.rb:29:in `login'


  Rendered /Users/dmitrijdackov/.rvm/gems/ruby-1.9.3-p194/gems/actionpack-3.2.3/lib/action_dispatch/middleware/templates/rescues/_trace.erb (6.4ms)
  Rendered /Users/dmitrijdackov/.rvm/gems/ruby-1.9.3-p194/gems/actionpack-3.2.3/lib/action_dispatch/middleware/templates/rescues/_request_and_response.erb (2.4ms)
  Rendered /Users/dmitrijdackov/.rvm/gems/ruby-1.9.3-p194/gems/actionpack-3.2.3/lib/action_dispatch/middleware/templates/rescues/diagnostics.erb within rescues/layout (124.4ms)


Started GET "/oauth/login" for 127.0.0.1 at 2012-05-21 01:45:01 +0400
Processing by OauthController#login as HTML


Started GET "/assets/rails.png" for 127.0.0.1 at 2012-05-21 13:37:24 +0400
Served asset /rails.png - 200 OK (116ms)
